2024-05-25 19:39:28,562 WARN (HikariPool.java:766)- HikariPool-1 - Thread starvation or clock leap detected (housekeeper delta=1d1h14m39s412ms194µs400ns).
2024-05-25 19:57:31,975 DEBUG (BaseJdbcLogger.java:137)- ==>  Preparing: select id, name, work_direction from book_category order by sort
2024-05-25 19:57:31,986 DEBUG (BaseJdbcLogger.java:137)- ==> Parameters: 
2024-05-25 19:57:31,990 INFO (SQLLogger.java:71)- Rule Type: sharding
2024-05-25 19:57:31,990 INFO (SQLLogger.java:71)- Logic SQL: select id, name, work_direction from book_category order by sort
2024-05-25 19:57:31,990 INFO (SQLLogger.java:71)- SQLStatement: SelectStatement(super=DQLStatement(super=AbstractSQLStatement(type=DQL, tables=Tables(tables=[Table(name=book_category, alias=Optional.absent())]), conditions=Conditions(orCondition=OrCondition(andConditions=[])), sqlTokens=[ItemsToken(isFirstOfItemsSpecial=false, items=[sort AS ORDER_BY_DERIVED_0 ]), TableToken(skippedSchemaNameLength=0, originalLiterals=book_category)], parametersIndex=0)), containStar=false, selectListLastPosition=32, groupByLastPosition=0, items=[CommonSelectItem(expression=name, alias=Optional.absent()), CommonSelectItem(expression=work_direction, alias=Optional.absent()), CommonSelectItem(expression=id, alias=Optional.absent())], groupByItems=[], orderByItems=[OrderItem(owner=Optional.absent(), name=Optional.of(sort), orderDirection=ASC, nullOrderDirection=ASC, index=-1, alias=Optional.of(ORDER_BY_DERIVED_0))], limit=null, subQueryStatement=null)
2024-05-25 19:57:32,001 INFO (SQLLogger.java:71)- Actual SQL: ds0 ::: select id, name, work_direction , sort AS ORDER_BY_DERIVED_0 from book_category order by sort
2024-05-25 19:57:32,010 DEBUG (BaseJdbcLogger.java:137)- <==      Total: 7
2024-05-25 19:57:32,178 DEBUG (BaseJdbcLogger.java:137)- ==>  Preparing: SELECT count(0) FROM book WHERE word_count > 0 AND work_direction = ?
2024-05-25 19:57:32,178 DEBUG (BaseJdbcLogger.java:137)- ==> Parameters: 0(Byte)
2024-05-25 19:57:32,188 INFO (SQLLogger.java:71)- Rule Type: sharding
2024-05-25 19:57:32,188 INFO (SQLLogger.java:71)- Logic SQL: SELECT count(0) FROM book WHERE word_count > 0 AND work_direction = ?
2024-05-25 19:57:32,188 INFO (SQLLogger.java:71)- SQLStatement: SelectStatement(super=DQLStatement(super=AbstractSQLStatement(type=DQL, tables=Tables(tables=[Table(name=book, alias=Optional.absent())]), conditions=Conditions(orCondition=OrCondition(andConditions=[])), sqlTokens=[TableToken(skippedSchemaNameLength=0, originalLiterals=book)], parametersIndex=1)), containStar=false, selectListLastPosition=16, groupByLastPosition=0, items=[AggregationSelectItem(type=COUNT, innerExpression=(0), alias=Optional.absent(), derivedAggregationSelectItems=[], index=-1)], groupByItems=[], orderByItems=[], limit=null, subQueryStatement=null)
2024-05-25 19:57:32,188 INFO (SQLLogger.java:71)- Actual SQL: ds0 ::: SELECT count(0) FROM book WHERE word_count > 0 AND work_direction = ? ::: [[0]]
2024-05-25 19:57:32,194 DEBUG (BaseJdbcLogger.java:137)- <==      Total: 1
2024-05-25 19:57:32,205 DEBUG (BaseJdbcLogger.java:137)- ==>  Preparing: select id,cat_id,cat_name,book_name,author_id,author_name,word_count,last_index_id,last_index_name,score,pic_url,book_status,last_index_update_time,book_desc from book where word_count > 0 and work_direction = ? LIMIT ?
2024-05-25 19:57:32,206 DEBUG (BaseJdbcLogger.java:137)- ==> Parameters: 0(Byte), 20(Integer)
2024-05-25 19:57:32,212 INFO (SQLLogger.java:71)- Rule Type: sharding
2024-05-25 19:57:32,212 INFO (SQLLogger.java:71)- Logic SQL: select
        id,cat_id,cat_name,book_name,author_id,author_name,word_count,last_index_id,last_index_name,score,pic_url,book_status,last_index_update_time,book_desc
        from book where word_count > 0
         
         
            and work_direction = ?
 LIMIT ? 
2024-05-25 19:57:32,212 INFO (SQLLogger.java:71)- SQLStatement: SelectStatement(super=DQLStatement(super=AbstractSQLStatement(type=DQL, tables=Tables(tables=[Table(name=book, alias=Optional.absent())]), conditions=Conditions(orCondition=OrCondition(andConditions=[])), sqlTokens=[TableToken(skippedSchemaNameLength=0, originalLiterals=book)], parametersIndex=2)), containStar=false, selectListLastPosition=174, groupByLastPosition=0, items=[CommonSelectItem(expression=last_index_id, alias=Optional.absent()), CommonSelectItem(expression=author_id, alias=Optional.absent()), CommonSelectItem(expression=book_desc, alias=Optional.absent()), CommonSelectItem(expression=last_index_name, alias=Optional.absent()), CommonSelectItem(expression=cat_name, alias=Optional.absent()), CommonSelectItem(expression=book_name, alias=Optional.absent()), CommonSelectItem(expression=pic_url, alias=Optional.absent()), CommonSelectItem(expression=last_index_update_time, alias=Optional.absent()), CommonSelectItem(expression=cat_id, alias=Optional.absent()), CommonSelectItem(expression=word_count, alias=Optional.absent()), CommonSelectItem(expression=score, alias=Optional.absent()), CommonSelectItem(expression=book_status, alias=Optional.absent()), CommonSelectItem(expression=id, alias=Optional.absent()), CommonSelectItem(expression=author_name, alias=Optional.absent())], groupByItems=[], orderByItems=[], limit=null, subQueryStatement=null)
2024-05-25 19:57:32,212 INFO (SQLLogger.java:71)- Actual SQL: ds0 ::: select
        id,cat_id,cat_name,book_name,author_id,author_name,word_count,last_index_id,last_index_name,score,pic_url,book_status,last_index_update_time,book_desc
        from book where word_count > 0
         
         
            and work_direction = ?
 LIMIT ?  ::: [[0, 20]]
2024-05-25 19:57:32,225 DEBUG (BaseJdbcLogger.java:137)- <==      Total: 3
2024-05-25 19:57:39,813 DEBUG (BaseJdbcLogger.java:137)- ==>  Preparing: SELECT count(0) FROM book WHERE word_count > 0 AND work_direction = ? AND cat_id = ?
2024-05-25 19:57:39,816 DEBUG (BaseJdbcLogger.java:137)- ==> Parameters: 0(Byte), 1(Integer)
2024-05-25 19:57:39,816 INFO (SQLLogger.java:71)- Rule Type: sharding
2024-05-25 19:57:39,816 INFO (SQLLogger.java:71)- Logic SQL: SELECT count(0) FROM book WHERE word_count > 0 AND work_direction = ? AND cat_id = ?
2024-05-25 19:57:39,824 INFO (SQLLogger.java:71)- SQLStatement: SelectStatement(super=DQLStatement(super=AbstractSQLStatement(type=DQL, tables=Tables(tables=[Table(name=book, alias=Optional.absent())]), conditions=Conditions(orCondition=OrCondition(andConditions=[])), sqlTokens=[TableToken(skippedSchemaNameLength=0, originalLiterals=book)], parametersIndex=2)), containStar=false, selectListLastPosition=16, groupByLastPosition=0, items=[AggregationSelectItem(type=COUNT, innerExpression=(0), alias=Optional.absent(), derivedAggregationSelectItems=[], index=-1)], groupByItems=[], orderByItems=[], limit=null, subQueryStatement=null)
2024-05-25 19:57:39,827 INFO (SQLLogger.java:71)- Actual SQL: ds0 ::: SELECT count(0) FROM book WHERE word_count > 0 AND work_direction = ? AND cat_id = ? ::: [[0, 1]]
2024-05-25 19:57:39,828 DEBUG (BaseJdbcLogger.java:137)- <==      Total: 1
2024-05-25 19:57:39,828 DEBUG (BaseJdbcLogger.java:137)- ==>  Preparing: select id,cat_id,cat_name,book_name,author_id,author_name,word_count,last_index_id,last_index_name,score,pic_url,book_status,last_index_update_time,book_desc from book where word_count > 0 and work_direction = ? and cat_id = ? LIMIT ?
2024-05-25 19:57:39,828 DEBUG (BaseJdbcLogger.java:137)- ==> Parameters: 0(Byte), 1(Integer), 20(Integer)
2024-05-25 19:57:39,840 INFO (SQLLogger.java:71)- Rule Type: sharding
2024-05-25 19:57:39,840 INFO (SQLLogger.java:71)- Logic SQL: select
        id,cat_id,cat_name,book_name,author_id,author_name,word_count,last_index_id,last_index_name,score,pic_url,book_status,last_index_update_time,book_desc
        from book where word_count > 0
         
         
            and work_direction = ?
         
         
            and cat_id = ?
 LIMIT ? 
2024-05-25 19:57:39,840 INFO (SQLLogger.java:71)- SQLStatement: SelectStatement(super=DQLStatement(super=AbstractSQLStatement(type=DQL, tables=Tables(tables=[Table(name=book, alias=Optional.absent())]), conditions=Conditions(orCondition=OrCondition(andConditions=[])), sqlTokens=[TableToken(skippedSchemaNameLength=0, originalLiterals=book)], parametersIndex=3)), containStar=false, selectListLastPosition=174, groupByLastPosition=0, items=[CommonSelectItem(expression=last_index_id, alias=Optional.absent()), CommonSelectItem(expression=author_id, alias=Optional.absent()), CommonSelectItem(expression=book_desc, alias=Optional.absent()), CommonSelectItem(expression=last_index_name, alias=Optional.absent()), CommonSelectItem(expression=cat_name, alias=Optional.absent()), CommonSelectItem(expression=book_name, alias=Optional.absent()), CommonSelectItem(expression=pic_url, alias=Optional.absent()), CommonSelectItem(expression=last_index_update_time, alias=Optional.absent()), CommonSelectItem(expression=cat_id, alias=Optional.absent()), CommonSelectItem(expression=word_count, alias=Optional.absent()), CommonSelectItem(expression=score, alias=Optional.absent()), CommonSelectItem(expression=book_status, alias=Optional.absent()), CommonSelectItem(expression=id, alias=Optional.absent()), CommonSelectItem(expression=author_name, alias=Optional.absent())], groupByItems=[], orderByItems=[], limit=null, subQueryStatement=null)
2024-05-25 19:57:39,840 INFO (SQLLogger.java:71)- Actual SQL: ds0 ::: select
        id,cat_id,cat_name,book_name,author_id,author_name,word_count,last_index_id,last_index_name,score,pic_url,book_status,last_index_update_time,book_desc
        from book where word_count > 0
         
         
            and work_direction = ?
         
         
            and cat_id = ?
 LIMIT ?  ::: [[0, 1, 20]]
2024-05-25 19:57:39,840 DEBUG (BaseJdbcLogger.java:137)- <==      Total: 3
2024-05-25 19:57:41,023 DEBUG (BaseJdbcLogger.java:137)- ==>  Preparing: SELECT count(0) FROM book WHERE word_count > 0 AND work_direction = ? AND cat_id = ?
2024-05-25 19:57:41,027 DEBUG (BaseJdbcLogger.java:137)- ==> Parameters: 0(Byte), 2(Integer)
2024-05-25 19:57:41,027 INFO (SQLLogger.java:71)- Rule Type: sharding
2024-05-25 19:57:41,027 INFO (SQLLogger.java:71)- Logic SQL: SELECT count(0) FROM book WHERE word_count > 0 AND work_direction = ? AND cat_id = ?
2024-05-25 19:57:41,027 INFO (SQLLogger.java:71)- SQLStatement: SelectStatement(super=DQLStatement(super=AbstractSQLStatement(type=DQL, tables=Tables(tables=[Table(name=book, alias=Optional.absent())]), conditions=Conditions(orCondition=OrCondition(andConditions=[])), sqlTokens=[TableToken(skippedSchemaNameLength=0, originalLiterals=book)], parametersIndex=2)), containStar=false, selectListLastPosition=16, groupByLastPosition=0, items=[AggregationSelectItem(type=COUNT, innerExpression=(0), alias=Optional.absent(), derivedAggregationSelectItems=[], index=-1)], groupByItems=[], orderByItems=[], limit=null, subQueryStatement=null)
2024-05-25 19:57:41,027 INFO (SQLLogger.java:71)- Actual SQL: ds0 ::: SELECT count(0) FROM book WHERE word_count > 0 AND work_direction = ? AND cat_id = ? ::: [[0, 2]]
2024-05-25 19:57:41,037 DEBUG (BaseJdbcLogger.java:137)- <==      Total: 1
2024-05-25 19:57:42,071 DEBUG (BaseJdbcLogger.java:137)- ==>  Preparing: SELECT count(0) FROM book WHERE word_count > 0 AND work_direction = ? AND cat_id = ?
2024-05-25 19:57:42,073 DEBUG (BaseJdbcLogger.java:137)- ==> Parameters: 0(Byte), 3(Integer)
2024-05-25 19:57:42,073 INFO (SQLLogger.java:71)- Rule Type: sharding
2024-05-25 19:57:42,077 INFO (SQLLogger.java:71)- Logic SQL: SELECT count(0) FROM book WHERE word_count > 0 AND work_direction = ? AND cat_id = ?
2024-05-25 19:57:42,077 INFO (SQLLogger.java:71)- SQLStatement: SelectStatement(super=DQLStatement(super=AbstractSQLStatement(type=DQL, tables=Tables(tables=[Table(name=book, alias=Optional.absent())]), conditions=Conditions(orCondition=OrCondition(andConditions=[])), sqlTokens=[TableToken(skippedSchemaNameLength=0, originalLiterals=book)], parametersIndex=2)), containStar=false, selectListLastPosition=16, groupByLastPosition=0, items=[AggregationSelectItem(type=COUNT, innerExpression=(0), alias=Optional.absent(), derivedAggregationSelectItems=[], index=-1)], groupByItems=[], orderByItems=[], limit=null, subQueryStatement=null)
2024-05-25 19:57:42,077 INFO (SQLLogger.java:71)- Actual SQL: ds0 ::: SELECT count(0) FROM book WHERE word_count > 0 AND work_direction = ? AND cat_id = ? ::: [[0, 3]]
2024-05-25 19:57:42,085 DEBUG (BaseJdbcLogger.java:137)- <==      Total: 1
2024-05-25 19:57:42,962 DEBUG (BaseJdbcLogger.java:137)- ==>  Preparing: SELECT count(0) FROM book WHERE word_count > 0 AND work_direction = ? AND cat_id = ?
2024-05-25 19:57:42,962 DEBUG (BaseJdbcLogger.java:137)- ==> Parameters: 0(Byte), 4(Integer)
2024-05-25 19:57:42,962 INFO (SQLLogger.java:71)- Rule Type: sharding
2024-05-25 19:57:42,962 INFO (SQLLogger.java:71)- Logic SQL: SELECT count(0) FROM book WHERE word_count > 0 AND work_direction = ? AND cat_id = ?
2024-05-25 19:57:42,962 INFO (SQLLogger.java:71)- SQLStatement: SelectStatement(super=DQLStatement(super=AbstractSQLStatement(type=DQL, tables=Tables(tables=[Table(name=book, alias=Optional.absent())]), conditions=Conditions(orCondition=OrCondition(andConditions=[])), sqlTokens=[TableToken(skippedSchemaNameLength=0, originalLiterals=book)], parametersIndex=2)), containStar=false, selectListLastPosition=16, groupByLastPosition=0, items=[AggregationSelectItem(type=COUNT, innerExpression=(0), alias=Optional.absent(), derivedAggregationSelectItems=[], index=-1)], groupByItems=[], orderByItems=[], limit=null, subQueryStatement=null)
2024-05-25 19:57:42,962 INFO (SQLLogger.java:71)- Actual SQL: ds0 ::: SELECT count(0) FROM book WHERE word_count > 0 AND work_direction = ? AND cat_id = ? ::: [[0, 4]]
2024-05-25 19:57:42,969 DEBUG (BaseJdbcLogger.java:137)- <==      Total: 1
2024-05-25 19:57:44,325 DEBUG (BaseJdbcLogger.java:137)- ==>  Preparing: SELECT count(0) FROM book WHERE word_count > 0 AND work_direction = ? AND cat_id = ?
2024-05-25 19:57:44,325 DEBUG (BaseJdbcLogger.java:137)- ==> Parameters: 0(Byte), 5(Integer)
2024-05-25 19:57:44,325 INFO (SQLLogger.java:71)- Rule Type: sharding
2024-05-25 19:57:44,334 INFO (SQLLogger.java:71)- Logic SQL: SELECT count(0) FROM book WHERE word_count > 0 AND work_direction = ? AND cat_id = ?
2024-05-25 19:57:44,335 INFO (SQLLogger.java:71)- SQLStatement: SelectStatement(super=DQLStatement(super=AbstractSQLStatement(type=DQL, tables=Tables(tables=[Table(name=book, alias=Optional.absent())]), conditions=Conditions(orCondition=OrCondition(andConditions=[])), sqlTokens=[TableToken(skippedSchemaNameLength=0, originalLiterals=book)], parametersIndex=2)), containStar=false, selectListLastPosition=16, groupByLastPosition=0, items=[AggregationSelectItem(type=COUNT, innerExpression=(0), alias=Optional.absent(), derivedAggregationSelectItems=[], index=-1)], groupByItems=[], orderByItems=[], limit=null, subQueryStatement=null)
2024-05-25 19:57:44,335 INFO (SQLLogger.java:71)- Actual SQL: ds0 ::: SELECT count(0) FROM book WHERE word_count > 0 AND work_direction = ? AND cat_id = ? ::: [[0, 5]]
2024-05-25 19:57:44,341 DEBUG (BaseJdbcLogger.java:137)- <==      Total: 1
2024-05-25 19:57:45,977 DEBUG (BaseJdbcLogger.java:137)- ==>  Preparing: SELECT count(0) FROM book WHERE word_count > 0 AND work_direction = ? AND cat_id = ?
2024-05-25 19:57:45,980 DEBUG (BaseJdbcLogger.java:137)- ==> Parameters: 0(Byte), 6(Integer)
2024-05-25 19:57:45,983 INFO (SQLLogger.java:71)- Rule Type: sharding
2024-05-25 19:57:45,983 INFO (SQLLogger.java:71)- Logic SQL: SELECT count(0) FROM book WHERE word_count > 0 AND work_direction = ? AND cat_id = ?
2024-05-25 19:57:45,983 INFO (SQLLogger.java:71)- SQLStatement: SelectStatement(super=DQLStatement(super=AbstractSQLStatement(type=DQL, tables=Tables(tables=[Table(name=book, alias=Optional.absent())]), conditions=Conditions(orCondition=OrCondition(andConditions=[])), sqlTokens=[TableToken(skippedSchemaNameLength=0, originalLiterals=book)], parametersIndex=2)), containStar=false, selectListLastPosition=16, groupByLastPosition=0, items=[AggregationSelectItem(type=COUNT, innerExpression=(0), alias=Optional.absent(), derivedAggregationSelectItems=[], index=-1)], groupByItems=[], orderByItems=[], limit=null, subQueryStatement=null)
2024-05-25 19:57:45,983 INFO (SQLLogger.java:71)- Actual SQL: ds0 ::: SELECT count(0) FROM book WHERE word_count > 0 AND work_direction = ? AND cat_id = ? ::: [[0, 6]]
2024-05-25 19:57:45,992 DEBUG (BaseJdbcLogger.java:137)- <==      Total: 1
2024-05-25 20:56:50,433 WARN (HikariPool.java:766)- HikariPool-1 - Thread starvation or clock leap detected (housekeeper delta=45m51s281ms607µs800ns).
2024-05-25 22:45:01,481 INFO (StartupInfoLogger.java:50)- Starting FrontNovelApplication on DESKTOP-9F2JBER with PID 22308 (D:\idea project\NovelPlus090\novel-front\target\classes started by PC in D:\idea project\NovelPlus090)
2024-05-25 22:45:01,483 DEBUG (StartupInfoLogger.java:53)- Running with Spring Boot v2.1.18.RELEASE, Spring v5.1.19.RELEASE
2024-05-25 22:45:01,484 INFO (SpringApplication.java:652)- The following profiles are active: website,alipay,oss,dev,common-dev,common
2024-05-25 22:45:03,904 INFO (RepositoryConfigurationDelegate.java:247)- Multiple Spring Data modules found, entering strict repository configuration mode!
2024-05-25 22:45:03,907 INFO (RepositoryConfigurationDelegate.java:127)- Bootstrapping Spring Data Redis repositories in DEFAULT mode.
2024-05-25 22:45:03,958 INFO (RepositoryConfigurationDelegate.java:185)- Finished Spring Data repository scanning in 37ms. Found 0 Redis repository interfaces.
2024-05-25 22:45:04,601 INFO (TomcatWebServer.java:90)- Tomcat initialized with port(s): 8090 (http)
2024-05-25 22:45:04,615 INFO (DirectJDKLog.java:173)- Initializing ProtocolHandler ["http-nio-8090"]
2024-05-25 22:45:04,626 INFO (DirectJDKLog.java:173)- Starting service [Tomcat]
2024-05-25 22:45:04,626 INFO (DirectJDKLog.java:173)- Starting Servlet engine: [Apache Tomcat/9.0.39]
2024-05-25 22:45:05,405 INFO (DirectJDKLog.java:173)- Initializing Spring embedded WebApplicationContext
2024-05-25 22:45:05,405 INFO (ServletWebServerApplicationContext.java:284)- Root WebApplicationContext: initialization completed in 3736 ms
2024-05-25 22:45:05,729 INFO (HikariDataSource.java:110)- HikariPool-1 - Starting...
2024-05-25 22:45:05,849 INFO (HikariDataSource.java:123)- HikariPool-1 - Start completed.
2024-05-25 22:45:06,321 DEBUG (BaseJdbcLogger.java:137)- ==>  Preparing: select id, name, domain, keyword, description, qq, logo, logo_dark, create_time, create_user_id, update_time, update_user_id from website_info where id = ?
2024-05-25 22:45:06,337 DEBUG (BaseJdbcLogger.java:137)- ==> Parameters: 1(Long)
2024-05-25 22:45:06,371 INFO (SQLLogger.java:71)- Rule Type: sharding
2024-05-25 22:45:06,371 INFO (SQLLogger.java:71)- Logic SQL: select id, name, domain, keyword, description, qq, logo, logo_dark, create_time, create_user_id, update_time, update_user_id from website_info where id = ?
2024-05-25 22:45:06,372 INFO (SQLLogger.java:71)- SQLStatement: SelectStatement(super=DQLStatement(super=AbstractSQLStatement(type=DQL, tables=Tables(tables=[Table(name=website_info, alias=Optional.absent())]), conditions=Conditions(orCondition=OrCondition(andConditions=[])), sqlTokens=[TableToken(skippedSchemaNameLength=0, originalLiterals=website_info)], parametersIndex=1)), containStar=false, selectListLastPosition=125, groupByLastPosition=0, items=[CommonSelectItem(expression=create_user_id, alias=Optional.absent()), CommonSelectItem(expression=domain, alias=Optional.absent()), CommonSelectItem(expression=keyword, alias=Optional.absent()), CommonSelectItem(expression=qq, alias=Optional.absent()), CommonSelectItem(expression=name, alias=Optional.absent()), CommonSelectItem(expression=create_time, alias=Optional.absent()), CommonSelectItem(expression=update_time, alias=Optional.absent()), CommonSelectItem(expression=description, alias=Optional.absent()), CommonSelectItem(expression=logo_dark, alias=Optional.absent()), CommonSelectItem(expression=update_user_id, alias=Optional.absent()), CommonSelectItem(expression=id, alias=Optional.absent()), CommonSelectItem(expression=logo, alias=Optional.absent())], groupByItems=[], orderByItems=[], limit=null, subQueryStatement=null)
2024-05-25 22:45:06,372 INFO (SQLLogger.java:71)- Actual SQL: ds0 ::: select id, name, domain, keyword, description, qq, logo, logo_dark, create_time, create_user_id, update_time, update_user_id from website_info where id = ? ::: [[1]]
2024-05-25 22:45:06,428 DEBUG (BaseJdbcLogger.java:137)- <==      Total: 1
2024-05-25 22:45:06,851 INFO (ExecutorConfigurationSupport.java:171)- Initializing ExecutorService 'taskScheduler'
2024-05-25 22:45:07,083 INFO (WelcomePageHandlerMapping.java:58)- Adding welcome page template: index
2024-05-25 22:45:07,120 WARN (TemplateMode.java:150)- [THYMELEAF][main] Template Mode 'LEGACYHTML5' is deprecated. Using Template Mode 'HTML' instead.
2024-05-25 22:45:07,354 WARN (RedisStarterDeprecationWarningAutoConfiguration.java:43)- spring-boot-starter-redis is deprecated as of Spring Boot 1.4, please migrate to spring-boot-starter-data-redis
2024-05-25 22:45:07,410 INFO (DirectJDKLog.java:173)- Starting ProtocolHandler ["http-nio-8090"]
2024-05-25 22:45:07,442 INFO (TomcatWebServer.java:202)- Tomcat started on port(s): 8090 (http) with context path ''
2024-05-25 22:45:07,445 INFO (StartupInfoLogger.java:59)- Started FrontNovelApplication in 6.702 seconds (JVM running for 10.762)
2024-05-25 22:45:07,447 INFO (FrontNovelApplication.java:38)- 项目启动啦，访问路径：http://192.168.179.13:8090
2024-05-25 22:45:22,600 INFO (DirectJDKLog.java:173)- Initializing Spring DispatcherServlet 'dispatcherServlet'
2024-05-25 22:45:22,601 INFO (FrameworkServlet.java:525)- Initializing Servlet 'dispatcherServlet'
2024-05-25 22:45:22,612 INFO (FrameworkServlet.java:547)- Completed initialization in 11 ms
2024-05-25 22:45:22,661 DEBUG (BaseJdbcLogger.java:137)- ==>  Preparing: select id, cat_name, cat_id, title, create_time from news order by create_time DESC limit ?
2024-05-25 22:45:22,661 DEBUG (BaseJdbcLogger.java:137)- ==>  Preparing: select t1.book_id,t1.type,t1.sort,t2.book_name,t2.author_name,t2.pic_url,t2.book_desc,t2.score,t2.cat_id,t2.cat_name,t2.book_status from book_setting t1 inner join book t2 on t1.book_id = t2.id order by t1.sort
2024-05-25 22:45:22,662 DEBUG (BaseJdbcLogger.java:137)- ==> Parameters: 2(Long)
2024-05-25 22:45:22,662 DEBUG (BaseJdbcLogger.java:137)- ==> Parameters: 
2024-05-25 22:45:22,668 INFO (SQLLogger.java:71)- Rule Type: sharding
2024-05-25 22:45:22,668 INFO (SQLLogger.java:71)- Rule Type: sharding
2024-05-25 22:45:22,668 INFO (SQLLogger.java:71)- Logic SQL: select t1.book_id,t1.type,t1.sort,t2.book_name,t2.author_name,t2.pic_url,t2.book_desc,t2.score,t2.cat_id,t2.cat_name,t2.book_status
        from book_setting t1 inner join book t2
        on t1.book_id = t2.id
        order by t1.sort
2024-05-25 22:45:22,668 INFO (SQLLogger.java:71)- Logic SQL: select id, cat_name, cat_id, title, create_time from news order by create_time DESC limit ?
2024-05-25 22:45:22,668 INFO (SQLLogger.java:71)- SQLStatement: SelectStatement(super=DQLStatement(super=AbstractSQLStatement(type=DQL, tables=Tables(tables=[Table(name=book_setting, alias=Optional.of(t1)), Table(name=book, alias=Optional.of(t2))]), conditions=Conditions(orCondition=OrCondition(andConditions=[])), sqlTokens=[TableToken(skippedSchemaNameLength=0, originalLiterals=book_setting), TableToken(skippedSchemaNameLength=0, originalLiterals=book)], parametersIndex=0)), containStar=false, selectListLastPosition=140, groupByLastPosition=0, items=[CommonSelectItem(expression=t2.book_name, alias=Optional.absent()), CommonSelectItem(expression=t2.score, alias=Optional.absent()), CommonSelectItem(expression=t2.author_name, alias=Optional.absent()), CommonSelectItem(expression=t1.book_id, alias=Optional.absent()), CommonSelectItem(expression=t1.type, alias=Optional.absent()), CommonSelectItem(expression=t2.cat_id, alias=Optional.absent()), CommonSelectItem(expression=t2.pic_url, alias=Optional.absent()), CommonSelectItem(expression=t2.cat_name, alias=Optional.absent()), CommonSelectItem(expression=t2.book_desc, alias=Optional.absent()), CommonSelectItem(expression=t2.book_status, alias=Optional.absent()), CommonSelectItem(expression=t1.sort, alias=Optional.absent())], groupByItems=[], orderByItems=[OrderItem(owner=Optional.of(t1), name=Optional.of(sort), orderDirection=ASC, nullOrderDirection=ASC, index=-1, alias=Optional.absent())], limit=null, subQueryStatement=null)
2024-05-25 22:45:22,669 INFO (SQLLogger.java:71)- SQLStatement: SelectStatement(super=DQLStatement(super=AbstractSQLStatement(type=DQL, tables=Tables(tables=[Table(name=news, alias=Optional.absent())]), conditions=Conditions(orCondition=OrCondition(andConditions=[])), sqlTokens=[TableToken(skippedSchemaNameLength=0, originalLiterals=news)], parametersIndex=1)), containStar=false, selectListLastPosition=48, groupByLastPosition=0, items=[CommonSelectItem(expression=cat_name, alias=Optional.absent()), CommonSelectItem(expression=cat_id, alias=Optional.absent()), CommonSelectItem(expression=create_time, alias=Optional.absent()), CommonSelectItem(expression=title, alias=Optional.absent()), CommonSelectItem(expression=id, alias=Optional.absent())], groupByItems=[], orderByItems=[OrderItem(owner=Optional.absent(), name=Optional.of(create_time), orderDirection=DESC, nullOrderDirection=ASC, index=-1, alias=Optional.absent())], limit=null, subQueryStatement=null)
2024-05-25 22:45:22,669 INFO (SQLLogger.java:71)- Actual SQL: ds0 ::: select t1.book_id,t1.type,t1.sort,t2.book_name,t2.author_name,t2.pic_url,t2.book_desc,t2.score,t2.cat_id,t2.cat_name,t2.book_status
        from book_setting t1 inner join book t2
        on t1.book_id = t2.id
        order by t1.sort
2024-05-25 22:45:22,669 INFO (SQLLogger.java:71)- Actual SQL: ds0 ::: select id, cat_name, cat_id, title, create_time from news order by create_time DESC limit ? ::: [[2]]
2024-05-25 22:45:22,675 DEBUG (BaseJdbcLogger.java:137)- <==      Total: 2
2024-05-25 22:45:22,676 DEBUG (BaseJdbcLogger.java:137)- <==      Total: 6
2024-05-25 22:45:23,632 DEBUG (BaseJdbcLogger.java:137)- ==>  Preparing: select id, cat_id, cat_name, book_name, last_index_id, last_index_name, author_id, author_name, pic_url, book_desc, word_count, last_index_update_time from book where word_count > ? order by create_time DESC limit ?
2024-05-25 22:45:23,632 DEBUG (BaseJdbcLogger.java:137)- ==>  Preparing: select id, cat_id, cat_name, book_name, last_index_id, last_index_name, author_id, author_name, pic_url, book_desc, word_count, last_index_update_time from book where word_count > ? order by last_index_update_time DESC limit ?
2024-05-25 22:45:23,632 DEBUG (BaseJdbcLogger.java:137)- ==>  Preparing: select id, cat_id, cat_name, book_name, last_index_id, last_index_name, author_id, author_name, pic_url, book_desc, word_count, last_index_update_time from book where word_count > ? order by visit_count DESC limit ?
2024-05-25 22:45:23,633 DEBUG (BaseJdbcLogger.java:137)- ==> Parameters: 0(Integer), 10(Long)
2024-05-25 22:45:23,633 DEBUG (BaseJdbcLogger.java:137)- ==> Parameters: 0(Integer), 23(Long)
2024-05-25 22:45:23,635 DEBUG (BaseJdbcLogger.java:137)- ==>  Preparing: select link_name, link_url from friend_link where is_open = ? order by sort
2024-05-25 22:45:23,633 DEBUG (BaseJdbcLogger.java:137)- ==> Parameters: 0(Integer), 10(Long)
2024-05-25 22:45:23,636 DEBUG (BaseJdbcLogger.java:137)- ==> Parameters: 1(Byte)
2024-05-25 22:45:23,636 INFO (SQLLogger.java:71)- Rule Type: sharding
2024-05-25 22:45:23,637 INFO (SQLLogger.java:71)- Logic SQL: select id, cat_id, cat_name, book_name, last_index_id, last_index_name, author_id, author_name, pic_url, book_desc, word_count, last_index_update_time from book where word_count > ? order by last_index_update_time DESC limit ?
2024-05-25 22:45:23,638 INFO (SQLLogger.java:71)- SQLStatement: SelectStatement(super=DQLStatement(super=AbstractSQLStatement(type=DQL, tables=Tables(tables=[Table(name=book, alias=Optional.absent())]), conditions=Conditions(orCondition=OrCondition(andConditions=[])), sqlTokens=[TableToken(skippedSchemaNameLength=0, originalLiterals=book)], parametersIndex=2)), containStar=false, selectListLastPosition=151, groupByLastPosition=0, items=[CommonSelectItem(expression=cat_name, alias=Optional.absent()), CommonSelectItem(expression=book_name, alias=Optional.absent()), CommonSelectItem(expression=pic_url, alias=Optional.absent()), CommonSelectItem(expression=last_index_id, alias=Optional.absent()), CommonSelectItem(expression=last_index_update_time, alias=Optional.absent()), CommonSelectItem(expression=cat_id, alias=Optional.absent()), CommonSelectItem(expression=word_count, alias=Optional.absent()), CommonSelectItem(expression=author_id, alias=Optional.absent()), CommonSelectItem(expression=book_desc, alias=Optional.absent()), CommonSelectItem(expression=last_index_name, alias=Optional.absent()), CommonSelectItem(expression=id, alias=Optional.absent()), CommonSelectItem(expression=author_name, alias=Optional.absent())], groupByItems=[], orderByItems=[OrderItem(owner=Optional.absent(), name=Optional.of(last_index_update_time), orderDirection=DESC, nullOrderDirection=ASC, index=-1, alias=Optional.absent())], limit=null, subQueryStatement=null)
2024-05-25 22:45:23,639 INFO (SQLLogger.java:71)- Rule Type: sharding
2024-05-25 22:45:23,639 INFO (SQLLogger.java:71)- Rule Type: sharding
2024-05-25 22:45:23,639 INFO (SQLLogger.java:71)- Actual SQL: ds0 ::: select id, cat_id, cat_name, book_name, last_index_id, last_index_name, author_id, author_name, pic_url, book_desc, word_count, last_index_update_time from book where word_count > ? order by last_index_update_time DESC limit ? ::: [[0, 23]]
2024-05-25 22:45:23,639 INFO (SQLLogger.java:71)- Logic SQL: select link_name, link_url from friend_link where is_open = ? order by sort
2024-05-25 22:45:23,639 INFO (SQLLogger.java:71)- Rule Type: sharding
2024-05-25 22:45:23,639 INFO (SQLLogger.java:71)- SQLStatement: SelectStatement(super=DQLStatement(super=AbstractSQLStatement(type=DQL, tables=Tables(tables=[Table(name=friend_link, alias=Optional.absent())]), conditions=Conditions(orCondition=OrCondition(andConditions=[])), sqlTokens=[ItemsToken(isFirstOfItemsSpecial=false, items=[sort AS ORDER_BY_DERIVED_0 ]), TableToken(skippedSchemaNameLength=0, originalLiterals=friend_link)], parametersIndex=1)), containStar=false, selectListLastPosition=27, groupByLastPosition=0, items=[CommonSelectItem(expression=link_url, alias=Optional.absent()), CommonSelectItem(expression=link_name, alias=Optional.absent())], groupByItems=[], orderByItems=[OrderItem(owner=Optional.absent(), name=Optional.of(sort), orderDirection=ASC, nullOrderDirection=ASC, index=-1, alias=Optional.of(ORDER_BY_DERIVED_0))], limit=null, subQueryStatement=null)
2024-05-25 22:45:23,641 INFO (SQLLogger.java:71)- Actual SQL: ds0 ::: select link_name, link_url , sort AS ORDER_BY_DERIVED_0 from friend_link where is_open = ? order by sort ::: [[1]]
2024-05-25 22:45:23,639 INFO (SQLLogger.java:71)- Logic SQL: select id, cat_id, cat_name, book_name, last_index_id, last_index_name, author_id, author_name, pic_url, book_desc, word_count, last_index_update_time from book where word_count > ? order by create_time DESC limit ?
2024-05-25 22:45:23,642 INFO (SQLLogger.java:71)- SQLStatement: SelectStatement(super=DQLStatement(super=AbstractSQLStatement(type=DQL, tables=Tables(tables=[Table(name=book, alias=Optional.absent())]), conditions=Conditions(orCondition=OrCondition(andConditions=[])), sqlTokens=[ItemsToken(isFirstOfItemsSpecial=false, items=[create_time AS ORDER_BY_DERIVED_0 ]), TableToken(skippedSchemaNameLength=0, originalLiterals=book)], parametersIndex=2)), containStar=false, selectListLastPosition=151, groupByLastPosition=0, items=[CommonSelectItem(expression=cat_name, alias=Optional.absent()), CommonSelectItem(expression=book_name, alias=Optional.absent()), CommonSelectItem(expression=pic_url, alias=Optional.absent()), CommonSelectItem(expression=last_index_id, alias=Optional.absent()), CommonSelectItem(expression=last_index_update_time, alias=Optional.absent()), CommonSelectItem(expression=cat_id, alias=Optional.absent()), CommonSelectItem(expression=word_count, alias=Optional.absent()), CommonSelectItem(expression=author_id, alias=Optional.absent()), CommonSelectItem(expression=book_desc, alias=Optional.absent()), CommonSelectItem(expression=last_index_name, alias=Optional.absent()), CommonSelectItem(expression=id, alias=Optional.absent()), CommonSelectItem(expression=author_name, alias=Optional.absent())], groupByItems=[], orderByItems=[OrderItem(owner=Optional.absent(), name=Optional.of(create_time), orderDirection=DESC, nullOrderDirection=ASC, index=-1, alias=Optional.of(ORDER_BY_DERIVED_0))], limit=null, subQueryStatement=null)
2024-05-25 22:45:23,641 INFO (SQLLogger.java:71)- Logic SQL: select id, cat_id, cat_name, book_name, last_index_id, last_index_name, author_id, author_name, pic_url, book_desc, word_count, last_index_update_time from book where word_count > ? order by visit_count DESC limit ?
2024-05-25 22:45:23,643 INFO (SQLLogger.java:71)- Actual SQL: ds0 ::: select id, cat_id, cat_name, book_name, last_index_id, last_index_name, author_id, author_name, pic_url, book_desc, word_count, last_index_update_time , create_time AS ORDER_BY_DERIVED_0 from book where word_count > ? order by create_time DESC limit ? ::: [[0, 10]]
2024-05-25 22:45:23,643 INFO (SQLLogger.java:71)- SQLStatement: SelectStatement(super=DQLStatement(super=AbstractSQLStatement(type=DQL, tables=Tables(tables=[Table(name=book, alias=Optional.absent())]), conditions=Conditions(orCondition=OrCondition(andConditions=[])), sqlTokens=[ItemsToken(isFirstOfItemsSpecial=false, items=[visit_count AS ORDER_BY_DERIVED_0 ]), TableToken(skippedSchemaNameLength=0, originalLiterals=book)], parametersIndex=2)), containStar=false, selectListLastPosition=151, groupByLastPosition=0, items=[CommonSelectItem(expression=cat_name, alias=Optional.absent()), CommonSelectItem(expression=book_name, alias=Optional.absent()), CommonSelectItem(expression=pic_url, alias=Optional.absent()), CommonSelectItem(expression=last_index_id, alias=Optional.absent()), CommonSelectItem(expression=last_index_update_time, alias=Optional.absent()), CommonSelectItem(expression=cat_id, alias=Optional.absent()), CommonSelectItem(expression=word_count, alias=Optional.absent()), CommonSelectItem(expression=author_id, alias=Optional.absent()), CommonSelectItem(expression=book_desc, alias=Optional.absent()), CommonSelectItem(expression=last_index_name, alias=Optional.absent()), CommonSelectItem(expression=id, alias=Optional.absent()), CommonSelectItem(expression=author_name, alias=Optional.absent())], groupByItems=[], orderByItems=[OrderItem(owner=Optional.absent(), name=Optional.of(visit_count), orderDirection=DESC, nullOrderDirection=ASC, index=-1, alias=Optional.of(ORDER_BY_DERIVED_0))], limit=null, subQueryStatement=null)
2024-05-25 22:45:23,644 DEBUG (BaseJdbcLogger.java:137)- <==      Total: 1
2024-05-25 22:45:23,644 INFO (SQLLogger.java:71)- Actual SQL: ds0 ::: select id, cat_id, cat_name, book_name, last_index_id, last_index_name, author_id, author_name, pic_url, book_desc, word_count, last_index_update_time , visit_count AS ORDER_BY_DERIVED_0 from book where word_count > ? order by visit_count DESC limit ? ::: [[0, 10]]
2024-05-25 22:45:23,645 DEBUG (BaseJdbcLogger.java:137)- <==      Total: 3
2024-05-25 22:45:23,649 DEBUG (BaseJdbcLogger.java:137)- <==      Total: 3
2024-05-25 22:45:23,649 DEBUG (BaseJdbcLogger.java:137)- <==      Total: 3
2024-05-25 23:22:17,591 INFO (DirectJDKLog.java:173)- A cookie header was received [1716669924; Hm_lpvt_ecc8b50a3122e6d5e09be7a9e5383e07=1716669924] that contained an invalid cookie. That cookie will be ignored.
 Note: further occurrences of this error will be logged at DEBUG level.
